<?xml version="1.0" encoding="UTF-8"?>
<!-- Generated by org.testng.reporters.JUnitXMLReporter -->
<testsuite ignored="0" hostname="LAPTOP-RO4BTAG3" failures="7" tests="8" name="Login page test" time="43.118" errors="0" timestamp="2023-11-07T20:04:38 IST">
  <testcase classname="com.guru99bank.testcases.TC_01_Verify_login_with_vaild_username_password" name="logintest" time="2.73">
    <failure type="java.lang.AssertionError" message="expected [true] but found [false]">
      <![CDATA[java.lang.AssertionError: expected [true] but found [false]
at com.guru99bank.testcases.TC_01_Verify_login_with_vaild_username_password.logintest(TC_01_Verify_login_with_vaild_username_password.java:34)
at java.base/java.util.ArrayList.forEach(ArrayList.java:1511)
... Removed 31 stack frames]]>
    </failure>
  </testcase> <!-- logintest -->
  <testcase classname="com.guru99bank.testcases.TC_01_verify_login_with_username_password_DDT" name="LoginDDT" time="1.771">
    <failure type="java.lang.AssertionError" message="expected [true] but found [false]">
      <![CDATA[java.lang.AssertionError: expected [true] but found [false]
at com.guru99bank.testcases.TC_01_verify_login_with_username_password_DDT.LoginDDT(TC_01_verify_login_with_username_password_DDT.java:26)
at java.base/java.util.ArrayList.forEach(ArrayList.java:1511)
... Removed 31 stack frames]]>
    </failure>
  </testcase> <!-- LoginDDT -->
  <testcase classname="com.guru99bank.testcases.TC_01_verify_login_with_username_password_DDT" name="LoginDDT" time="1.758">
    <failure type="java.lang.AssertionError" message="expected [true] but found [false]">
      <![CDATA[java.lang.AssertionError: expected [true] but found [false]
at com.guru99bank.testcases.TC_01_verify_login_with_username_password_DDT.LoginDDT(TC_01_verify_login_with_username_password_DDT.java:26)
at java.base/java.util.ArrayList.forEach(ArrayList.java:1511)
... Removed 31 stack frames]]>
    </failure>
  </testcase> <!-- LoginDDT -->
  <testcase classname="com.guru99bank.testcases.TC_01_verify_login_with_username_password_DDT" name="LoginDDT" time="1.611">
    <failure type="java.lang.AssertionError" message="expected [true] but found [false]">
      <![CDATA[java.lang.AssertionError: expected [true] but found [false]
at com.guru99bank.testcases.TC_01_verify_login_with_username_password_DDT.LoginDDT(TC_01_verify_login_with_username_password_DDT.java:26)
at java.base/java.util.ArrayList.forEach(ArrayList.java:1511)
... Removed 31 stack frames]]>
    </failure>
  </testcase> <!-- LoginDDT -->
  <testcase classname="com.guru99bank.testcases.TC_01_verify_login_with_username_password_DDT" name="LoginDDT" time="1.719">
    <failure type="java.lang.AssertionError" message="expected [true] but found [false]">
      <![CDATA[java.lang.AssertionError: expected [true] but found [false]
at com.guru99bank.testcases.TC_01_verify_login_with_username_password_DDT.LoginDDT(TC_01_verify_login_with_username_password_DDT.java:26)
at java.base/java.util.ArrayList.forEach(ArrayList.java:1511)
... Removed 31 stack frames]]>
    </failure>
  </testcase> <!-- LoginDDT -->
  <testcase classname="com.guru99bank.testcases.TC_01_verify_login_with_username_password_DDT" name="LoginDDT" time="2.001">
    <failure type="java.lang.AssertionError" message="expected [true] but found [false]">
      <![CDATA[java.lang.AssertionError: expected [true] but found [false]
at com.guru99bank.testcases.TC_01_verify_login_with_username_password_DDT.LoginDDT(TC_01_verify_login_with_username_password_DDT.java:26)
at java.base/java.util.ArrayList.forEach(ArrayList.java:1511)
... Removed 31 stack frames]]>
    </failure>
  </testcase> <!-- LoginDDT -->
  <testcase classname="com.guru99bank.testcases.TC_01_verify_login_with_username_password_DDT" name="LoginDDT" time="1.658">
    <failure type="java.lang.AssertionError" message="expected [true] but found [false]">
      <![CDATA[java.lang.AssertionError: expected [true] but found [false]
at com.guru99bank.testcases.TC_01_verify_login_with_username_password_DDT.LoginDDT(TC_01_verify_login_with_username_password_DDT.java:26)
at java.base/java.util.ArrayList.forEach(ArrayList.java:1511)
... Removed 31 stack frames]]>
    </failure>
  </testcase> <!-- LoginDDT -->
  <testcase classname="com.guru99bank.testcases.TC_02_Add_new_customers" name="addNewCustomerPage" time="12.864"/>
</testsuite> <!-- Login page test -->
